Using pre-set license
Built from '2020.3/staging' branch; Version is '2020.3.26f1 (7298b473bc1a) revision 7510196'; Using compiler version '192528614'; Build Type 'Release'
OS: 'Windows 10  (10.0.19043) 64bit Professional' Language: 'en' Physical Memory: 16299 MB
BatchMode: 1, IsHumanControllingUs: 0, StartBugReporterOnCrash: 0, Is64bit: 1, IsPro: 0

COMMAND LINE ARGUMENTS:
C:\Program Files\Unity\Hub\Editor\2020.3.26f1\Editor\Unity.exe
-adb2
-batchMode
-noUpm
-name
AssetImportWorker1
-projectPath
C:/Users/Gorka/Documents/Game_Dev_Files/generated_shooter_spring_2022/Generate_Shooter_Spring_2022
-logFile
Logs/AssetImportWorker1.log
-srvPort
54370
Successfully changed project path to: C:/Users/Gorka/Documents/Game_Dev_Files/generated_shooter_spring_2022/Generate_Shooter_Spring_2022
C:/Users/Gorka/Documents/Game_Dev_Files/generated_shooter_spring_2022/Generate_Shooter_Spring_2022
Using Asset Import Pipeline V2.
Refreshing native plugins compatible for Editor in 95.74 ms, found 3 plugins.
Preloading 0 native plugins for Editor in 0.00 ms.
Initialize engine version: 2020.3.26f1 (7298b473bc1a)
[Subsystems] Discovering subsystems at path C:/Program Files/Unity/Hub/Editor/2020.3.26f1/Editor/Data/Resources/UnitySubsystems
[Subsystems] Discovering subsystems at path C:/Users/Gorka/Documents/Game_Dev_Files/generated_shooter_spring_2022/Generate_Shooter_Spring_2022/Assets
GfxDevice: creating device client; threaded=0
Direct3D:
    Version:  Direct3D 11.0 [level 11.1]
    Renderer: NVIDIA GeForce GTX 1050 Ti (ID=0x1c82)
    Vendor:   
    VRAM:     4018 MB
    Driver:   27.21.14.5671
Initialize mono
Mono path[0] = 'C:/Program Files/Unity/Hub/Editor/2020.3.26f1/Editor/Data/Managed'
Mono path[1] = 'C:/Program Files/Unity/Hub/Editor/2020.3.26f1/Editor/Data/MonoBleedingEdge/lib/mono/unityjit'
Mono config path = 'C:/Program Files/Unity/Hub/Editor/2020.3.26f1/Editor/Data/MonoBleedingEdge/etc'
Using monoOptions --debugger-agent=transport=dt_socket,embedding=1,server=y,suspend=n,address=127.0.0.1:56064
Begin MonoManager ReloadAssembly
Registering precompiled unity dll's ...
Register platform support module: C:/Program Files/Unity/Hub/Editor/2020.3.26f1/Editor/Data/PlaybackEngines/MacStandaloneSupport/UnityEditor.OSXStandalone.Extensions.dll
Register platform support module: C:/Program Files/Unity/Hub/Editor/2020.3.26f1/Editor/Data/PlaybackEngines/WindowsStandaloneSupport/UnityEditor.WindowsStandalone.Extensions.dll
Register platform support module: C:/Program Files/Unity/Hub/Editor/2020.3.26f1/Editor/Data/PlaybackEngines/LinuxStandaloneSupport/UnityEditor.LinuxStandalone.Extensions.dll
Registered in 0.007358 seconds.
Native extension for LinuxStandalone target not found
Native extension for WindowsStandalone target not found
Native extension for OSXStandalone target not found
Refreshing native plugins compatible for Editor in 85.65 ms, found 3 plugins.
Preloading 0 native plugins for Editor in 0.00 ms.
Mono: successfully reloaded assembly
- Completed reload, in  1.170 seconds
Domain Reload Profiling:
	ReloadAssembly (1171ms)
		BeginReloadAssembly (122ms)
			ExecutionOrderSort (0ms)
			DisableScriptedObjects (0ms)
			BackupInstance (0ms)
			ReleaseScriptingObjects (0ms)
			CreateAndSetChildDomain (1ms)
		EndReloadAssembly (886ms)
			LoadAssemblies (118ms)
			RebuildTransferFunctionScriptingTraits (0ms)
			SetupTypeCache (296ms)
			ReleaseScriptCaches (0ms)
			RebuildScriptCaches (60ms)
			SetupLoadedEditorAssemblies (326ms)
				LogAssemblyErrors (0ms)
				InitializePlatformSupportModulesInManaged (15ms)
				SetLoadedEditorAssemblies (0ms)
				RefreshPlugins (86ms)
				BeforeProcessingInitializeOnLoad (24ms)
				ProcessInitializeOnLoadAttributes (153ms)
				ProcessInitializeOnLoadMethodAttributes (48ms)
				AfterProcessingInitializeOnLoad (0ms)
				EditorAssembliesLoaded (0ms)
			ExecutionOrderSort2 (0ms)
			AwakeInstancesAfterBackupRestoration (0ms)
Platform modules already initialized, skipping
Registering precompiled user dll's ...
Registered in 0.013642 seconds.
Begin MonoManager ReloadAssembly
Native extension for LinuxStandalone target not found
Native extension for WindowsStandalone target not found
Native extension for OSXStandalone target not found
Refreshing native plugins compatible for Editor in 87.93 ms, found 3 plugins.
Preloading 0 native plugins for Editor in 0.00 ms.
Mono: successfully reloaded assembly
- Completed reload, in  2.269 seconds
Domain Reload Profiling:
	ReloadAssembly (2271ms)
		BeginReloadAssembly (275ms)
			ExecutionOrderSort (0ms)
			DisableScriptedObjects (8ms)
			BackupInstance (0ms)
			ReleaseScriptingObjects (0ms)
			CreateAndSetChildDomain (31ms)
		EndReloadAssembly (1872ms)
			LoadAssemblies (348ms)
			RebuildTransferFunctionScriptingTraits (0ms)
			SetupTypeCache (561ms)
			ReleaseScriptCaches (1ms)
			RebuildScriptCaches (80ms)
			SetupLoadedEditorAssemblies (656ms)
				LogAssemblyErrors (0ms)
				InitializePlatformSupportModulesInManaged (11ms)
				SetLoadedEditorAssemblies (0ms)
				RefreshPlugins (88ms)
				BeforeProcessingInitializeOnLoad (156ms)
				ProcessInitializeOnLoadAttributes (346ms)
				ProcessInitializeOnLoadMethodAttributes (35ms)
				AfterProcessingInitializeOnLoad (20ms)
				EditorAssembliesLoaded (0ms)
			ExecutionOrderSort2 (0ms)
			AwakeInstancesAfterBackupRestoration (13ms)
Platform modules already initialized, skipping
========================================================================
Worker process is ready to serve import requests
Launched and connected shader compiler UnityShaderCompiler.exe after 0.14 seconds
Refreshing native plugins compatible for Editor in 0.66 ms, found 3 plugins.
Preloading 0 native plugins for Editor in 0.00 ms.
Unloading 2187 Unused Serialized files (Serialized files now loaded: 0)
System memory in use before: 96.5 MB.
System memory in use after: 96.5 MB.

Unloading 28 unused Assets to reduce memory usage. Loaded Objects now: 2620.
Total: 5.021900 ms (FindLiveObjects: 0.232400 ms CreateObjectMapping: 0.131000 ms MarkObjects: 4.548700 ms  DeleteObjects: 0.108200 ms)

AssetImportParameters requested are different than current active one (requested -> active):
  custom:framework-win-MediaFoundation: 216162199b28c13a410421893ffa2e32 -> 
  custom:video-decoder-ogg-theora: a1e56fd34408186e4bbccfd4996cb3dc -> 
  custom:container-muxer-webm: aa71ff27fc2769a1b78a27578f13a17b -> 
  custom:container-demuxer-webm: 4f35f7cbe854078d1ac9338744f61a02 -> 
  custom:container-demuxer-ogg: 62fdf1f143b41e24485cea50d1cbac27 -> 
  custom:video-encoder-webm-vp8: eb34c28f22e8b96e1ab97ce403110664 -> 
  custom:video-codec-MediaFoundation-h265: 746d11721c4dcdbdad8f713fa42b33f4 -> 
  custom:video-decoder-webm-vp8: 9c59270c3fd7afecdb556c50c9e8de78 -> 
  custom:audio-decoder-ogg-vorbis: bf7c407c2cedff20999df2af8eb42d56 -> 
  custom:audio-encoder-webm-vorbis: bf7c407c2cedff20999df2af8eb42d56 -> 
========================================================================
Received Import Request.
  path: Assets/Scripts
  artifactKey: Guid(71b71b35f14b81d43acef1fee6381309) Importer(815301076,1909f56bfc062723c751e8b465ee728b)
Start importing Assets/Scripts using Guid(71b71b35f14b81d43acef1fee6381309) Importer(815301076,1909f56bfc062723c751e8b465ee728b)  -> (artifact id: '79705412a0b33dac5203186cccc0921b') in 0.016617 seconds 
  Import took 0.021800 seconds .

========================================================================
Received Import Request.
  Time since last request: 139.618246 seconds.
  path: Assets/TestCube.png
  artifactKey: Guid(4ec2bdb17f0383943b0078acac00ae94) Importer(815301076,1909f56bfc062723c751e8b465ee728b)
Start importing Assets/TestCube.png using Guid(4ec2bdb17f0383943b0078acac00ae94) Importer(815301076,1909f56bfc062723c751e8b465ee728b)  -> (artifact id: '6324ad54a2fd346442cbdbb594aa13ef') in 0.632011 seconds 
  Import took 0.639570 seconds .

========================================================================
Received Import Request.
  Time since last request: 5.395122 seconds.
  path: Assets
  artifactKey: Guid(00000000000000001000000000000000) Importer(815301076,1909f56bfc062723c751e8b465ee728b)
Start importing Assets using Guid(00000000000000001000000000000000) Importer(815301076,1909f56bfc062723c751e8b465ee728b)  -> (artifact id: '42d402b061de3733987d63b9cc3b64de') in 0.015841 seconds 
  Import took 0.023847 seconds .

========================================================================
Received Import Request.
  Time since last request: 9.808519 seconds.
  path: Assets/Prefabs
  artifactKey: Guid(5a1a24658d618d14b8eb66618401dbfb) Importer(815301076,1909f56bfc062723c751e8b465ee728b)
Start importing Assets/Prefabs using Guid(5a1a24658d618d14b8eb66618401dbfb) Importer(815301076,1909f56bfc062723c751e8b465ee728b)  -> (artifact id: '3524db51f821d7069e1036041342a8d1') in 0.015041 seconds 
  Import took 0.048475 seconds .

========================================================================
Received Import Request.
  Time since last request: 10.230062 seconds.
  path: Assets/Moving_Prefabs
  artifactKey: Guid(5a1a24658d618d14b8eb66618401dbfb) Importer(815301076,1909f56bfc062723c751e8b465ee728b)
Start importing Assets/Moving_Prefabs using Guid(5a1a24658d618d14b8eb66618401dbfb) Importer(815301076,1909f56bfc062723c751e8b465ee728b)  -> (artifact id: 'a7045e2cfa375376c89a437b3bbf72e7') in 0.013387 seconds 
  Import took 0.019790 seconds .

========================================================================
Received Import Request.
  Time since last request: 7.344928 seconds.
  path: Assets/Terrain_Prefabs
  artifactKey: Guid(66ccc54219e71254abc71a9dca2aed08) Importer(815301076,1909f56bfc062723c751e8b465ee728b)
Start importing Assets/Terrain_Prefabs using Guid(66ccc54219e71254abc71a9dca2aed08) Importer(815301076,1909f56bfc062723c751e8b465ee728b)  -> (artifact id: 'aedc16873a2007412766dfff6f8b9ba8') in 0.023753 seconds 
  Import took 0.039757 seconds .

========================================================================
Received Import Request.
  Time since last request: 4.726552 seconds.
  path: Assets/Player
  artifactKey: Guid(0bcdd1688d9510f48ac7abd3cd7d6361) Importer(815301076,1909f56bfc062723c751e8b465ee728b)
Start importing Assets/Player using Guid(0bcdd1688d9510f48ac7abd3cd7d6361) Importer(815301076,1909f56bfc062723c751e8b465ee728b)  -> (artifact id: '180ef0601e4772f143ca1563f86c17f2') in 0.012221 seconds 
  Import took 0.017563 seconds .

========================================================================
Received Import Request.
  Time since last request: 178.342294 seconds.
  path: Assets/Scripts/Player_Control.cs
  artifactKey: Guid(4893871ba307fe842bc8de35bdf6a7aa) Importer(815301076,1909f56bfc062723c751e8b465ee728b)
Start importing Assets/Scripts/Player_Control.cs using Guid(4893871ba307fe842bc8de35bdf6a7aa) Importer(815301076,1909f56bfc062723c751e8b465ee728b)  -> (artifact id: 'cb5b73d01173df2cef7d02f92d1eb7e3') in 0.291357 seconds 
  Import took 0.298561 seconds .

========================================================================
Received Prepare
Registering precompiled user dll's ...
Registered in 0.024557 seconds.
Begin MonoManager ReloadAssembly
Native extension for LinuxStandalone target not found
Native extension for WindowsStandalone target not found
Native extension for OSXStandalone target not found
Refreshing native plugins compatible for Editor in 0.67 ms, found 3 plugins.
Preloading 0 native plugins for Editor in 0.00 ms.
Mono: successfully reloaded assembly
- Completed reload, in  2.363 seconds
Domain Reload Profiling:
	ReloadAssembly (2363ms)
		BeginReloadAssembly (269ms)
			ExecutionOrderSort (0ms)
			DisableScriptedObjects (10ms)
			BackupInstance (0ms)
			ReleaseScriptingObjects (0ms)
			CreateAndSetChildDomain (72ms)
		EndReloadAssembly (1973ms)
			LoadAssemblies (193ms)
			RebuildTransferFunctionScriptingTraits (0ms)
			SetupTypeCache (558ms)
			ReleaseScriptCaches (1ms)
			RebuildScriptCaches (76ms)
			SetupLoadedEditorAssemblies (909ms)
				LogAssemblyErrors (0ms)
				InitializePlatformSupportModulesInManaged (13ms)
				SetLoadedEditorAssemblies (1ms)
				RefreshPlugins (1ms)
				BeforeProcessingInitializeOnLoad (209ms)
				ProcessInitializeOnLoadAttributes (651ms)
				ProcessInitializeOnLoadMethodAttributes (20ms)
				AfterProcessingInitializeOnLoad (15ms)
				EditorAssembliesLoaded (0ms)
			ExecutionOrderSort2 (0ms)
			AwakeInstancesAfterBackupRestoration (14ms)
Platform modules already initialized, skipping
Refreshing native plugins compatible for Editor in 0.61 ms, found 3 plugins.
Preloading 0 native plugins for Editor in 0.00 ms.
Unloading 2177 Unused Serialized files (Serialized files now loaded: 0)
System memory in use before: 98.8 MB.
System memory in use after: 98.9 MB.

Unloading 17 unused Assets to reduce memory usage. Loaded Objects now: 2629.
Total: 4.330800 ms (FindLiveObjects: 0.209400 ms CreateObjectMapping: 0.125000 ms MarkObjects: 3.962700 ms  DeleteObjects: 0.032000 ms)

AssetImportParameters requested are different than current active one (requested -> active):
  custom:framework-win-MediaFoundation: 216162199b28c13a410421893ffa2e32 -> 
  custom:video-decoder-ogg-theora: a1e56fd34408186e4bbccfd4996cb3dc -> 
  custom:container-muxer-webm: aa71ff27fc2769a1b78a27578f13a17b -> 
  custom:container-demuxer-webm: 4f35f7cbe854078d1ac9338744f61a02 -> 
  custom:container-demuxer-ogg: 62fdf1f143b41e24485cea50d1cbac27 -> 
  custom:video-encoder-webm-vp8: eb34c28f22e8b96e1ab97ce403110664 -> 
  custom:video-codec-MediaFoundation-h265: 746d11721c4dcdbdad8f713fa42b33f4 -> 
  custom:video-decoder-webm-vp8: 9c59270c3fd7afecdb556c50c9e8de78 -> 
  custom:audio-decoder-ogg-vorbis: bf7c407c2cedff20999df2af8eb42d56 -> 
  custom:audio-encoder-webm-vorbis: bf7c407c2cedff20999df2af8eb42d56 -> 
========================================================================
Received Prepare
Registering precompiled user dll's ...
Registered in 0.017514 seconds.
Begin MonoManager ReloadAssembly
Native extension for LinuxStandalone target not found
Native extension for WindowsStandalone target not found
Native extension for OSXStandalone target not found
Refreshing native plugins compatible for Editor in 0.81 ms, found 3 plugins.
Preloading 0 native plugins for Editor in 0.00 ms.
Mono: successfully reloaded assembly
- Completed reload, in  2.129 seconds
Domain Reload Profiling:
	ReloadAssembly (2130ms)
		BeginReloadAssembly (208ms)
			ExecutionOrderSort (0ms)
			DisableScriptedObjects (15ms)
			BackupInstance (0ms)
			ReleaseScriptingObjects (0ms)
			CreateAndSetChildDomain (62ms)
		EndReloadAssembly (1792ms)
			LoadAssemblies (192ms)
			RebuildTransferFunctionScriptingTraits (0ms)
			SetupTypeCache (557ms)
			ReleaseScriptCaches (1ms)
			RebuildScriptCaches (76ms)
			SetupLoadedEditorAssemblies (767ms)
				LogAssemblyErrors (0ms)
				InitializePlatformSupportModulesInManaged (15ms)
				SetLoadedEditorAssemblies (1ms)
				RefreshPlugins (1ms)
				BeforeProcessingInitializeOnLoad (226ms)
				ProcessInitializeOnLoadAttributes (482ms)
				ProcessInitializeOnLoadMethodAttributes (21ms)
				AfterProcessingInitializeOnLoad (19ms)
				EditorAssembliesLoaded (0ms)
			ExecutionOrderSort2 (0ms)
			AwakeInstancesAfterBackupRestoration (17ms)
Platform modules already initialized, skipping
Refreshing native plugins compatible for Editor in 0.67 ms, found 3 plugins.
Preloading 0 native plugins for Editor in 0.00 ms.
Unloading 2177 Unused Serialized files (Serialized files now loaded: 0)
System memory in use before: 98.8 MB.
System memory in use after: 98.9 MB.

Unloading 17 unused Assets to reduce memory usage. Loaded Objects now: 2631.
Total: 4.706500 ms (FindLiveObjects: 0.238100 ms CreateObjectMapping: 0.138300 ms MarkObjects: 4.300400 ms  DeleteObjects: 0.028200 ms)

AssetImportParameters requested are different than current active one (requested -> active):
  custom:framework-win-MediaFoundation: 216162199b28c13a410421893ffa2e32 -> 
  custom:video-decoder-ogg-theora: a1e56fd34408186e4bbccfd4996cb3dc -> 
  custom:container-muxer-webm: aa71ff27fc2769a1b78a27578f13a17b -> 
  custom:container-demuxer-webm: 4f35f7cbe854078d1ac9338744f61a02 -> 
  custom:container-demuxer-ogg: 62fdf1f143b41e24485cea50d1cbac27 -> 
  custom:video-encoder-webm-vp8: eb34c28f22e8b96e1ab97ce403110664 -> 
  custom:video-codec-MediaFoundation-h265: 746d11721c4dcdbdad8f713fa42b33f4 -> 
  custom:video-decoder-webm-vp8: 9c59270c3fd7afecdb556c50c9e8de78 -> 
  custom:audio-decoder-ogg-vorbis: bf7c407c2cedff20999df2af8eb42d56 -> 
  custom:audio-encoder-webm-vorbis: bf7c407c2cedff20999df2af8eb42d56 -> 
========================================================================
Received Prepare
Registering precompiled user dll's ...
Registered in 0.017293 seconds.
Begin MonoManager ReloadAssembly
Native extension for LinuxStandalone target not found
Native extension for WindowsStandalone target not found
Native extension for OSXStandalone target not found
Refreshing native plugins compatible for Editor in 0.73 ms, found 3 plugins.
Preloading 0 native plugins for Editor in 0.00 ms.
Mono: successfully reloaded assembly
- Completed reload, in  1.998 seconds
Domain Reload Profiling:
	ReloadAssembly (1999ms)
		BeginReloadAssembly (215ms)
			ExecutionOrderSort (0ms)
			DisableScriptedObjects (11ms)
			BackupInstance (0ms)
			ReleaseScriptingObjects (0ms)
			CreateAndSetChildDomain (58ms)
		EndReloadAssembly (1656ms)
			LoadAssemblies (188ms)
			RebuildTransferFunctionScriptingTraits (0ms)
			SetupTypeCache (595ms)
			ReleaseScriptCaches (1ms)
			RebuildScriptCaches (85ms)
			SetupLoadedEditorAssemblies (587ms)
				LogAssemblyErrors (0ms)
				InitializePlatformSupportModulesInManaged (19ms)
				SetLoadedEditorAssemblies (1ms)
				RefreshPlugins (1ms)
				BeforeProcessingInitializeOnLoad (194ms)
				ProcessInitializeOnLoadAttributes (333ms)
				ProcessInitializeOnLoadMethodAttributes (20ms)
				AfterProcessingInitializeOnLoad (19ms)
				EditorAssembliesLoaded (0ms)
			ExecutionOrderSort2 (0ms)
			AwakeInstancesAfterBackupRestoration (16ms)
Platform modules already initialized, skipping
Refreshing native plugins compatible for Editor in 0.67 ms, found 3 plugins.
Preloading 0 native plugins for Editor in 0.00 ms.
Unloading 2177 Unused Serialized files (Serialized files now loaded: 0)
System memory in use before: 98.8 MB.
System memory in use after: 99.0 MB.

Unloading 17 unused Assets to reduce memory usage. Loaded Objects now: 2633.
Total: 5.308800 ms (FindLiveObjects: 0.255100 ms CreateObjectMapping: 0.131900 ms MarkObjects: 4.888900 ms  DeleteObjects: 0.031000 ms)

AssetImportParameters requested are different than current active one (requested -> active):
  custom:framework-win-MediaFoundation: 216162199b28c13a410421893ffa2e32 -> 
  custom:video-decoder-ogg-theora: a1e56fd34408186e4bbccfd4996cb3dc -> 
  custom:container-muxer-webm: aa71ff27fc2769a1b78a27578f13a17b -> 
  custom:container-demuxer-webm: 4f35f7cbe854078d1ac9338744f61a02 -> 
  custom:container-demuxer-ogg: 62fdf1f143b41e24485cea50d1cbac27 -> 
  custom:video-encoder-webm-vp8: eb34c28f22e8b96e1ab97ce403110664 -> 
  custom:video-codec-MediaFoundation-h265: 746d11721c4dcdbdad8f713fa42b33f4 -> 
  custom:video-decoder-webm-vp8: 9c59270c3fd7afecdb556c50c9e8de78 -> 
  custom:audio-decoder-ogg-vorbis: bf7c407c2cedff20999df2af8eb42d56 -> 
  custom:audio-encoder-webm-vorbis: bf7c407c2cedff20999df2af8eb42d56 -> 
========================================================================
Received Prepare
Registering precompiled user dll's ...
Registered in 0.013530 seconds.
Begin MonoManager ReloadAssembly
Native extension for LinuxStandalone target not found
Native extension for WindowsStandalone target not found
Native extension for OSXStandalone target not found
Refreshing native plugins compatible for Editor in 0.68 ms, found 3 plugins.
Preloading 0 native plugins for Editor in 0.00 ms.
Mono: successfully reloaded assembly
- Completed reload, in  2.187 seconds
Domain Reload Profiling:
	ReloadAssembly (2188ms)
		BeginReloadAssembly (217ms)
			ExecutionOrderSort (0ms)
			DisableScriptedObjects (11ms)
			BackupInstance (0ms)
			ReleaseScriptingObjects (0ms)
			CreateAndSetChildDomain (55ms)
		EndReloadAssembly (1828ms)
			LoadAssemblies (203ms)
			RebuildTransferFunctionScriptingTraits (0ms)
			SetupTypeCache (679ms)
			ReleaseScriptCaches (2ms)
			RebuildScriptCaches (90ms)
			SetupLoadedEditorAssemblies (631ms)
				LogAssemblyErrors (0ms)
				InitializePlatformSupportModulesInManaged (14ms)
				SetLoadedEditorAssemblies (1ms)
				RefreshPlugins (1ms)
				BeforeProcessingInitializeOnLoad (190ms)
				ProcessInitializeOnLoadAttributes (386ms)
				ProcessInitializeOnLoadMethodAttributes (19ms)
				AfterProcessingInitializeOnLoad (19ms)
				EditorAssembliesLoaded (0ms)
			ExecutionOrderSort2 (0ms)
			AwakeInstancesAfterBackupRestoration (19ms)
Platform modules already initialized, skipping
Refreshing native plugins compatible for Editor in 0.80 ms, found 3 plugins.
Preloading 0 native plugins for Editor in 0.00 ms.
Unloading 2177 Unused Serialized files (Serialized files now loaded: 0)
System memory in use before: 98.8 MB.
System memory in use after: 99.0 MB.

Unloading 17 unused Assets to reduce memory usage. Loaded Objects now: 2635.
Total: 5.368200 ms (FindLiveObjects: 0.346300 ms CreateObjectMapping: 0.142300 ms MarkObjects: 4.848600 ms  DeleteObjects: 0.029200 ms)

AssetImportParameters requested are different than current active one (requested -> active):
  custom:framework-win-MediaFoundation: 216162199b28c13a410421893ffa2e32 -> 
  custom:video-decoder-ogg-theora: a1e56fd34408186e4bbccfd4996cb3dc -> 
  custom:container-muxer-webm: aa71ff27fc2769a1b78a27578f13a17b -> 
  custom:container-demuxer-webm: 4f35f7cbe854078d1ac9338744f61a02 -> 
  custom:container-demuxer-ogg: 62fdf1f143b41e24485cea50d1cbac27 -> 
  custom:video-encoder-webm-vp8: eb34c28f22e8b96e1ab97ce403110664 -> 
  custom:video-codec-MediaFoundation-h265: 746d11721c4dcdbdad8f713fa42b33f4 -> 
  custom:video-decoder-webm-vp8: 9c59270c3fd7afecdb556c50c9e8de78 -> 
  custom:audio-decoder-ogg-vorbis: bf7c407c2cedff20999df2af8eb42d56 -> 
  custom:audio-encoder-webm-vorbis: bf7c407c2cedff20999df2af8eb42d56 -> 
========================================================================
Received Import Request.
  Time since last request: 1015.977579 seconds.
  path: Assets/Player/Player.prefab
  artifactKey: Guid(bdb14fb407fdc024f9c5a61c8c441665) Importer(815301076,1909f56bfc062723c751e8b465ee728b)
Start importing Assets/Player/Player.prefab using Guid(bdb14fb407fdc024f9c5a61c8c441665) Importer(815301076,1909f56bfc062723c751e8b465ee728b)  -> (artifact id: '50dde25f55aa780436fb0d3115f1c00f') in 0.117674 seconds 
  Import took 0.122946 seconds .

========================================================================
Received Import Request.
  Time since last request: 30.780601 seconds.
  path: Assets/Player/Player.prefab
  artifactKey: Guid(bdb14fb407fdc024f9c5a61c8c441665) Importer(815301076,1909f56bfc062723c751e8b465ee728b)
Start importing Assets/Player/Player.prefab using Guid(bdb14fb407fdc024f9c5a61c8c441665) Importer(815301076,1909f56bfc062723c751e8b465ee728b)  -> (artifact id: '74f89137707a866f8217156b439506c7') in 0.024206 seconds 
  Import took 0.033448 seconds .

========================================================================
Received Import Request.
  Time since last request: 10.645831 seconds.
  path: Assets/Player/Player.prefab
  artifactKey: Guid(bdb14fb407fdc024f9c5a61c8c441665) Importer(815301076,1909f56bfc062723c751e8b465ee728b)
Start importing Assets/Player/Player.prefab using Guid(bdb14fb407fdc024f9c5a61c8c441665) Importer(815301076,1909f56bfc062723c751e8b465ee728b)  -> (artifact id: 'f5940e4edec6deab5462e8ceb5be7dbd') in 0.023288 seconds 
  Import took 0.030730 seconds .

========================================================================
Received Import Request.
  Time since last request: 3.798982 seconds.
  path: Assets/Player/Player.prefab
  artifactKey: Guid(bdb14fb407fdc024f9c5a61c8c441665) Importer(815301076,1909f56bfc062723c751e8b465ee728b)
Start importing Assets/Player/Player.prefab using Guid(bdb14fb407fdc024f9c5a61c8c441665) Importer(815301076,1909f56bfc062723c751e8b465ee728b)  -> (artifact id: '8ce409594f30b5d2a7fa2f2aaef955d2') in 0.023983 seconds 
  Import took 0.032921 seconds .

========================================================================
Received Import Request.
  Time since last request: 0.975410 seconds.
  path: Assets/Player/Player.prefab
  artifactKey: Guid(bdb14fb407fdc024f9c5a61c8c441665) Importer(815301076,1909f56bfc062723c751e8b465ee728b)
Start importing Assets/Player/Player.prefab using Guid(bdb14fb407fdc024f9c5a61c8c441665) Importer(815301076,1909f56bfc062723c751e8b465ee728b)  -> (artifact id: 'b3dfb4bc81bbe7679a9412be41901252') in 0.022859 seconds 
  Import took 0.029686 seconds .

========================================================================
Received Import Request.
  Time since last request: 0.773823 seconds.
  path: Assets/Player/Player.prefab
  artifactKey: Guid(bdb14fb407fdc024f9c5a61c8c441665) Importer(815301076,1909f56bfc062723c751e8b465ee728b)
Start importing Assets/Player/Player.prefab using Guid(bdb14fb407fdc024f9c5a61c8c441665) Importer(815301076,1909f56bfc062723c751e8b465ee728b)  -> (artifact id: 'b8cc9d6c07e8e9824484df39cdc93f21') in 0.022598 seconds 
  Import took 0.030335 seconds .

========================================================================
Received Import Request.
  Time since last request: 8.518271 seconds.
  path: Assets/Player/Player.prefab
  artifactKey: Guid(bdb14fb407fdc024f9c5a61c8c441665) Importer(815301076,1909f56bfc062723c751e8b465ee728b)
Start importing Assets/Player/Player.prefab using Guid(bdb14fb407fdc024f9c5a61c8c441665) Importer(815301076,1909f56bfc062723c751e8b465ee728b)  -> (artifact id: '31bf65a23573cfeccea3d12657ae2f52') in 0.033465 seconds 
  Import took 0.039138 seconds .

========================================================================
Received Prepare
Registering precompiled user dll's ...
Registered in 0.016010 seconds.
Begin MonoManager ReloadAssembly
Native extension for LinuxStandalone target not found
Native extension for WindowsStandalone target not found
Native extension for OSXStandalone target not found
Refreshing native plugins compatible for Editor in 0.87 ms, found 3 plugins.
Preloading 0 native plugins for Editor in 0.00 ms.
Mono: successfully reloaded assembly
- Completed reload, in  2.067 seconds
Domain Reload Profiling:
	ReloadAssembly (2068ms)
		BeginReloadAssembly (231ms)
			ExecutionOrderSort (0ms)
			DisableScriptedObjects (11ms)
			BackupInstance (0ms)
			ReleaseScriptingObjects (0ms)
			CreateAndSetChildDomain (56ms)
		EndReloadAssembly (1711ms)
			LoadAssemblies (215ms)
			RebuildTransferFunctionScriptingTraits (0ms)
			SetupTypeCache (617ms)
			ReleaseScriptCaches (1ms)
			RebuildScriptCaches (80ms)
			SetupLoadedEditorAssemblies (638ms)
				LogAssemblyErrors (0ms)
				InitializePlatformSupportModulesInManaged (15ms)
				SetLoadedEditorAssemblies (1ms)
				RefreshPlugins (1ms)
				BeforeProcessingInitializeOnLoad (198ms)
				ProcessInitializeOnLoadAttributes (381ms)
				ProcessInitializeOnLoadMethodAttributes (22ms)
				AfterProcessingInitializeOnLoad (19ms)
				EditorAssembliesLoaded (0ms)
			ExecutionOrderSort2 (0ms)
			AwakeInstancesAfterBackupRestoration (17ms)
Platform modules already initialized, skipping
Refreshing native plugins compatible for Editor in 0.70 ms, found 3 plugins.
Preloading 0 native plugins for Editor in 0.00 ms.
Unloading 2177 Unused Serialized files (Serialized files now loaded: 0)
System memory in use before: 98.9 MB.
System memory in use after: 99.0 MB.

Unloading 17 unused Assets to reduce memory usage. Loaded Objects now: 2641.
Total: 5.013900 ms (FindLiveObjects: 0.224900 ms CreateObjectMapping: 0.122300 ms MarkObjects: 4.634800 ms  DeleteObjects: 0.030500 ms)

AssetImportParameters requested are different than current active one (requested -> active):
  custom:framework-win-MediaFoundation: 216162199b28c13a410421893ffa2e32 -> 
  custom:video-decoder-ogg-theora: a1e56fd34408186e4bbccfd4996cb3dc -> 
  custom:container-muxer-webm: aa71ff27fc2769a1b78a27578f13a17b -> 
  custom:container-demuxer-webm: 4f35f7cbe854078d1ac9338744f61a02 -> 
  custom:container-demuxer-ogg: 62fdf1f143b41e24485cea50d1cbac27 -> 
  custom:video-encoder-webm-vp8: eb34c28f22e8b96e1ab97ce403110664 -> 
  custom:video-codec-MediaFoundation-h265: 746d11721c4dcdbdad8f713fa42b33f4 -> 
  custom:video-decoder-webm-vp8: 9c59270c3fd7afecdb556c50c9e8de78 -> 
  custom:audio-decoder-ogg-vorbis: bf7c407c2cedff20999df2af8eb42d56 -> 
  custom:audio-encoder-webm-vorbis: bf7c407c2cedff20999df2af8eb42d56 -> 
========================================================================
Received Prepare
Registering precompiled user dll's ...
Registered in 0.016743 seconds.
Begin MonoManager ReloadAssembly
Native extension for LinuxStandalone target not found
Native extension for WindowsStandalone target not found
Native extension for OSXStandalone target not found
Refreshing native plugins compatible for Editor in 0.68 ms, found 3 plugins.
Preloading 0 native plugins for Editor in 0.00 ms.
Mono: successfully reloaded assembly
- Completed reload, in  1.895 seconds
Domain Reload Profiling:
	ReloadAssembly (1896ms)
		BeginReloadAssembly (197ms)
			ExecutionOrderSort (0ms)
			DisableScriptedObjects (11ms)
			BackupInstance (0ms)
			ReleaseScriptingObjects (0ms)
			CreateAndSetChildDomain (52ms)
		EndReloadAssembly (1576ms)
			LoadAssemblies (187ms)
			RebuildTransferFunctionScriptingTraits (0ms)
			SetupTypeCache (554ms)
			ReleaseScriptCaches (1ms)
			RebuildScriptCaches (75ms)
			SetupLoadedEditorAssemblies (576ms)
				LogAssemblyErrors (0ms)
				InitializePlatformSupportModulesInManaged (14ms)
				SetLoadedEditorAssemblies (1ms)
				RefreshPlugins (1ms)
				BeforeProcessingInitializeOnLoad (193ms)
				ProcessInitializeOnLoadAttributes (328ms)
				ProcessInitializeOnLoadMethodAttributes (21ms)
				AfterProcessingInitializeOnLoad (18ms)
				EditorAssembliesLoaded (0ms)
			ExecutionOrderSort2 (0ms)
			AwakeInstancesAfterBackupRestoration (17ms)
Platform modules already initialized, skipping
Refreshing native plugins compatible for Editor in 0.67 ms, found 3 plugins.
Preloading 0 native plugins for Editor in 0.00 ms.
Unloading 2177 Unused Serialized files (Serialized files now loaded: 0)
System memory in use before: 98.9 MB.
System memory in use after: 99.1 MB.

Unloading 17 unused Assets to reduce memory usage. Loaded Objects now: 2643.
Total: 4.744900 ms (FindLiveObjects: 0.237900 ms CreateObjectMapping: 0.132600 ms MarkObjects: 4.349200 ms  DeleteObjects: 0.023800 ms)

AssetImportParameters requested are different than current active one (requested -> active):
  custom:framework-win-MediaFoundation: 216162199b28c13a410421893ffa2e32 -> 
  custom:video-decoder-ogg-theora: a1e56fd34408186e4bbccfd4996cb3dc -> 
  custom:container-muxer-webm: aa71ff27fc2769a1b78a27578f13a17b -> 
  custom:container-demuxer-webm: 4f35f7cbe854078d1ac9338744f61a02 -> 
  custom:container-demuxer-ogg: 62fdf1f143b41e24485cea50d1cbac27 -> 
  custom:video-encoder-webm-vp8: eb34c28f22e8b96e1ab97ce403110664 -> 
  custom:video-codec-MediaFoundation-h265: 746d11721c4dcdbdad8f713fa42b33f4 -> 
  custom:video-decoder-webm-vp8: 9c59270c3fd7afecdb556c50c9e8de78 -> 
  custom:audio-decoder-ogg-vorbis: bf7c407c2cedff20999df2af8eb42d56 -> 
  custom:audio-encoder-webm-vorbis: bf7c407c2cedff20999df2af8eb42d56 -> 
========================================================================
Received Import Request.
  Time since last request: 187.451283 seconds.
  path: Assets/Terrain_Prefabs/Test_Wall.prefab
  artifactKey: Guid(5992f5e6988c9204eabbe2739bd16fb7) Importer(815301076,1909f56bfc062723c751e8b465ee728b)
Start importing Assets/Terrain_Prefabs/Test_Wall.prefab using Guid(5992f5e6988c9204eabbe2739bd16fb7) Importer(815301076,1909f56bfc062723c751e8b465ee728b)  -> (artifact id: '31b3dbe49401d85f1a3fbe83d41ad24f') in 0.109461 seconds 
  Import took 0.117266 seconds .

========================================================================
Received Import Request.
  Time since last request: 9.518626 seconds.
  path: Assets/Terrain_Prefabs/Test_Wall.prefab
  artifactKey: Guid(5992f5e6988c9204eabbe2739bd16fb7) Importer(815301076,1909f56bfc062723c751e8b465ee728b)
Start importing Assets/Terrain_Prefabs/Test_Wall.prefab using Guid(5992f5e6988c9204eabbe2739bd16fb7) Importer(815301076,1909f56bfc062723c751e8b465ee728b)  -> (artifact id: 'e11d70e9677a949f2be3d3805fc3dfdb') in 0.028464 seconds 
  Import took 0.035324 seconds .

========================================================================
Received Import Request.
  Time since last request: 2.188568 seconds.
  path: Assets/Terrain_Prefabs/Test_Wall.prefab
  artifactKey: Guid(5992f5e6988c9204eabbe2739bd16fb7) Importer(815301076,1909f56bfc062723c751e8b465ee728b)
Start importing Assets/Terrain_Prefabs/Test_Wall.prefab using Guid(5992f5e6988c9204eabbe2739bd16fb7) Importer(815301076,1909f56bfc062723c751e8b465ee728b)  -> (artifact id: '8a5930428492a16dff917bca93006ba5') in 0.022996 seconds 
  Import took 0.030682 seconds .

========================================================================
Received Import Request.
  Time since last request: 1.979759 seconds.
  path: Assets/Terrain_Prefabs/Test_Wall.prefab
  artifactKey: Guid(5992f5e6988c9204eabbe2739bd16fb7) Importer(815301076,1909f56bfc062723c751e8b465ee728b)
Start importing Assets/Terrain_Prefabs/Test_Wall.prefab using Guid(5992f5e6988c9204eabbe2739bd16fb7) Importer(815301076,1909f56bfc062723c751e8b465ee728b)  -> (artifact id: '383c61f802b322475f470f95b79bf7c4') in 0.028571 seconds 
  Import took 0.035228 seconds .

========================================================================
Received Import Request.
  Time since last request: 0.775019 seconds.
  path: Assets/Terrain_Prefabs/Test_Wall.prefab
  artifactKey: Guid(5992f5e6988c9204eabbe2739bd16fb7) Importer(815301076,1909f56bfc062723c751e8b465ee728b)
Start importing Assets/Terrain_Prefabs/Test_Wall.prefab using Guid(5992f5e6988c9204eabbe2739bd16fb7) Importer(815301076,1909f56bfc062723c751e8b465ee728b)  -> (artifact id: '15c442bbb4916b31dbc4797fdaeaa289') in 0.028617 seconds 
  Import took 0.034717 seconds .

========================================================================
Received Import Request.
  Time since last request: 4.799664 seconds.
  path: Assets/Terrain_Prefabs/Test_Wall.prefab
  artifactKey: Guid(5992f5e6988c9204eabbe2739bd16fb7) Importer(815301076,1909f56bfc062723c751e8b465ee728b)
Start importing Assets/Terrain_Prefabs/Test_Wall.prefab using Guid(5992f5e6988c9204eabbe2739bd16fb7) Importer(815301076,1909f56bfc062723c751e8b465ee728b)  -> (artifact id: 'ee9360a454731fba4ce9f9aea153ec6a') in 0.027405 seconds 
  Import took 0.033213 seconds .

========================================================================
Received Import Request.
  Time since last request: 7.829935 seconds.
  path: Assets/Player/Player.prefab
  artifactKey: Guid(bdb14fb407fdc024f9c5a61c8c441665) Importer(815301076,1909f56bfc062723c751e8b465ee728b)
Start importing Assets/Player/Player.prefab using Guid(bdb14fb407fdc024f9c5a61c8c441665) Importer(815301076,1909f56bfc062723c751e8b465ee728b)  -> (artifact id: '7004416b450df4d5e96e30f3b1f0071f') in 0.019676 seconds 
  Import took 0.025445 seconds .

========================================================================
Received Import Request.
  Time since last request: 62.922282 seconds.
  path: Assets/Player/Player.prefab
  artifactKey: Guid(bdb14fb407fdc024f9c5a61c8c441665) Importer(815301076,1909f56bfc062723c751e8b465ee728b)
Start importing Assets/Player/Player.prefab using Guid(bdb14fb407fdc024f9c5a61c8c441665) Importer(815301076,1909f56bfc062723c751e8b465ee728b)  -> (artifact id: 'a3a2fa4273952d9535b9e072e04c4226') in 0.027102 seconds 
  Import took 0.034769 seconds .

========================================================================
Received Import Request.
  Time since last request: 8.220436 seconds.
  path: Assets/Player/Player.prefab
  artifactKey: Guid(bdb14fb407fdc024f9c5a61c8c441665) Importer(815301076,1909f56bfc062723c751e8b465ee728b)
Start importing Assets/Player/Player.prefab using Guid(bdb14fb407fdc024f9c5a61c8c441665) Importer(815301076,1909f56bfc062723c751e8b465ee728b)  -> (artifact id: '5ba2b78f19b8c25c61caabdecb4f491d') in 0.021708 seconds 
  Import took 0.029279 seconds .

========================================================================
Received Import Request.
  Time since last request: 18.427156 seconds.
  path: Assets/Player/Player.prefab
  artifactKey: Guid(bdb14fb407fdc024f9c5a61c8c441665) Importer(815301076,1909f56bfc062723c751e8b465ee728b)
Start importing Assets/Player/Player.prefab using Guid(bdb14fb407fdc024f9c5a61c8c441665) Importer(815301076,1909f56bfc062723c751e8b465ee728b)  -> (artifact id: '355dd4a41b3f45e41b0dc9a99eb7837a') in 0.023985 seconds 
  Import took 0.030701 seconds .

========================================================================
Received Import Request.
  Time since last request: 7.050913 seconds.
  path: Assets/Player/Player.prefab
  artifactKey: Guid(bdb14fb407fdc024f9c5a61c8c441665) Importer(815301076,1909f56bfc062723c751e8b465ee728b)
Start importing Assets/Player/Player.prefab using Guid(bdb14fb407fdc024f9c5a61c8c441665) Importer(815301076,1909f56bfc062723c751e8b465ee728b)  -> (artifact id: '1c449690c461a2940ae7c14836ce5a65') in 0.025560 seconds 
  Import took 0.032748 seconds .

========================================================================
Received Import Request.
  Time since last request: 4.420907 seconds.
  path: Assets/Player/Player.prefab
  artifactKey: Guid(bdb14fb407fdc024f9c5a61c8c441665) Importer(815301076,1909f56bfc062723c751e8b465ee728b)
Start importing Assets/Player/Player.prefab using Guid(bdb14fb407fdc024f9c5a61c8c441665) Importer(815301076,1909f56bfc062723c751e8b465ee728b)  -> (artifact id: 'ec323f02293d8703e1d1227f8cd056d7') in 0.021273 seconds 
  Import took 0.028549 seconds .

========================================================================
Received Import Request.
  Time since last request: 5.422493 seconds.
  path: Assets/Player/Player.prefab
  artifactKey: Guid(bdb14fb407fdc024f9c5a61c8c441665) Importer(815301076,1909f56bfc062723c751e8b465ee728b)
Start importing Assets/Player/Player.prefab using Guid(bdb14fb407fdc024f9c5a61c8c441665) Importer(815301076,1909f56bfc062723c751e8b465ee728b)  -> (artifact id: '39275b784ee7c8bf1ff49862234763b6') in 0.032268 seconds 
  Import took 0.044488 seconds .

========================================================================
Received Import Request.
  Time since last request: 2.199503 seconds.
  path: Assets/Player/Player.prefab
  artifactKey: Guid(bdb14fb407fdc024f9c5a61c8c441665) Importer(815301076,1909f56bfc062723c751e8b465ee728b)
Start importing Assets/Player/Player.prefab using Guid(bdb14fb407fdc024f9c5a61c8c441665) Importer(815301076,1909f56bfc062723c751e8b465ee728b)  -> (artifact id: '2f64a06cc309167561025ac1560a3769') in 0.021743 seconds 
  Import took 0.027496 seconds .

========================================================================
Received Import Request.
  Time since last request: 2.582216 seconds.
  path: Assets/Player/Player.prefab
  artifactKey: Guid(bdb14fb407fdc024f9c5a61c8c441665) Importer(815301076,1909f56bfc062723c751e8b465ee728b)
Start importing Assets/Player/Player.prefab using Guid(bdb14fb407fdc024f9c5a61c8c441665) Importer(815301076,1909f56bfc062723c751e8b465ee728b)  -> (artifact id: 'dc7e9a6116982bf2e43fcc299698f6b0') in 0.031913 seconds 
  Import took 0.040756 seconds .

========================================================================
Received Import Request.
  Time since last request: 2.990142 seconds.
  path: Assets/Player/Player.prefab
  artifactKey: Guid(bdb14fb407fdc024f9c5a61c8c441665) Importer(815301076,1909f56bfc062723c751e8b465ee728b)
Start importing Assets/Player/Player.prefab using Guid(bdb14fb407fdc024f9c5a61c8c441665) Importer(815301076,1909f56bfc062723c751e8b465ee728b)  -> (artifact id: '7f990f69f47cb262648170a121dea9c0') in 0.025764 seconds 
  Import took 0.034848 seconds .

========================================================================
Received Import Request.
  Time since last request: 21.548115 seconds.
  path: Assets/Player/Player.prefab
  artifactKey: Guid(bdb14fb407fdc024f9c5a61c8c441665) Importer(815301076,1909f56bfc062723c751e8b465ee728b)
Start importing Assets/Player/Player.prefab using Guid(bdb14fb407fdc024f9c5a61c8c441665) Importer(815301076,1909f56bfc062723c751e8b465ee728b)  -> (artifact id: 'ca624a4541d5dc6168605f3c4c43e96d') in 0.022841 seconds 
  Import took 0.030235 seconds .

========================================================================
Received Import Request.
  Time since last request: 1.577789 seconds.
  path: Assets/Player/Player.prefab
  artifactKey: Guid(bdb14fb407fdc024f9c5a61c8c441665) Importer(815301076,1909f56bfc062723c751e8b465ee728b)
Start importing Assets/Player/Player.prefab using Guid(bdb14fb407fdc024f9c5a61c8c441665) Importer(815301076,1909f56bfc062723c751e8b465ee728b)  -> (artifact id: 'bdffda8c07027a2923b9b6882f175c83') in 0.024387 seconds 
  Import took 0.031866 seconds .

========================================================================
Received Import Request.
  Time since last request: 8.853894 seconds.
  path: Assets/Player/Player.prefab
  artifactKey: Guid(bdb14fb407fdc024f9c5a61c8c441665) Importer(815301076,1909f56bfc062723c751e8b465ee728b)
Start importing Assets/Player/Player.prefab using Guid(bdb14fb407fdc024f9c5a61c8c441665) Importer(815301076,1909f56bfc062723c751e8b465ee728b)  -> (artifact id: '94c018b53e743c7f7ab9d1af549ef875') in 0.022775 seconds 
  Import took 0.032573 seconds .

========================================================================
Received Import Request.
  Time since last request: 3.202093 seconds.
  path: Assets/Player/Player.prefab
  artifactKey: Guid(bdb14fb407fdc024f9c5a61c8c441665) Importer(815301076,1909f56bfc062723c751e8b465ee728b)
Start importing Assets/Player/Player.prefab using Guid(bdb14fb407fdc024f9c5a61c8c441665) Importer(815301076,1909f56bfc062723c751e8b465ee728b)  -> (artifact id: 'b78956d1bb6baedddcee08fe7efb71d6') in 0.032338 seconds 
  Import took 0.040476 seconds .

========================================================================
Received Import Request.
  Time since last request: 48.363003 seconds.
  path: Assets/Player/Player.prefab
  artifactKey: Guid(bdb14fb407fdc024f9c5a61c8c441665) Importer(815301076,1909f56bfc062723c751e8b465ee728b)
Start importing Assets/Player/Player.prefab using Guid(bdb14fb407fdc024f9c5a61c8c441665) Importer(815301076,1909f56bfc062723c751e8b465ee728b)  -> (artifact id: 'd8f3cced732940f65908cc2e4e461c45') in 0.026800 seconds 
  Import took 0.036281 seconds .

========================================================================
Received Import Request.
  Time since last request: 36.225193 seconds.
  path: Assets/Scripts/Target_Box.cs
  artifactKey: Guid(fa6b40aba83d7f24d9c20d91f59cd346) Importer(815301076,1909f56bfc062723c751e8b465ee728b)
Start importing Assets/Scripts/Target_Box.cs using Guid(fa6b40aba83d7f24d9c20d91f59cd346) Importer(815301076,1909f56bfc062723c751e8b465ee728b)  -> (artifact id: '9bd405e5925fd234c6b72ff04caceac6') in 0.021443 seconds 
  Import took 0.034715 seconds .

========================================================================
Received Prepare
Registering precompiled user dll's ...
Registered in 0.012554 seconds.
Begin MonoManager ReloadAssembly
Native extension for LinuxStandalone target not found
Native extension for WindowsStandalone target not found
Native extension for OSXStandalone target not found
Refreshing native plugins compatible for Editor in 0.70 ms, found 3 plugins.
Preloading 0 native plugins for Editor in 0.00 ms.
Mono: successfully reloaded assembly
- Completed reload, in  1.865 seconds
Domain Reload Profiling:
	ReloadAssembly (1866ms)
		BeginReloadAssembly (212ms)
			ExecutionOrderSort (0ms)
			DisableScriptedObjects (10ms)
			BackupInstance (0ms)
			ReleaseScriptingObjects (0ms)
			CreateAndSetChildDomain (55ms)
		EndReloadAssembly (1532ms)
			LoadAssemblies (193ms)
			RebuildTransferFunctionScriptingTraits (0ms)
			SetupTypeCache (536ms)
			ReleaseScriptCaches (1ms)
			RebuildScriptCaches (75ms)
			SetupLoadedEditorAssemblies (559ms)
				LogAssemblyErrors (0ms)
				InitializePlatformSupportModulesInManaged (14ms)
				SetLoadedEditorAssemblies (1ms)
				RefreshPlugins (1ms)
				BeforeProcessingInitializeOnLoad (189ms)
				ProcessInitializeOnLoadAttributes (318ms)
				ProcessInitializeOnLoadMethodAttributes (19ms)
				AfterProcessingInitializeOnLoad (18ms)
				EditorAssembliesLoaded (0ms)
			ExecutionOrderSort2 (0ms)
			AwakeInstancesAfterBackupRestoration (16ms)
Platform modules already initialized, skipping
Refreshing native plugins compatible for Editor in 0.69 ms, found 3 plugins.
Preloading 0 native plugins for Editor in 0.00 ms.
Unloading 2178 Unused Serialized files (Serialized files now loaded: 0)
System memory in use before: 99.0 MB.
System memory in use after: 99.1 MB.

Unloading 17 unused Assets to reduce memory usage. Loaded Objects now: 2647.
Total: 4.715400 ms (FindLiveObjects: 0.224100 ms CreateObjectMapping: 0.125100 ms MarkObjects: 4.340200 ms  DeleteObjects: 0.024700 ms)

AssetImportParameters requested are different than current active one (requested -> active):
  custom:framework-win-MediaFoundation: 216162199b28c13a410421893ffa2e32 -> 
  custom:video-decoder-ogg-theora: a1e56fd34408186e4bbccfd4996cb3dc -> 
  custom:container-muxer-webm: aa71ff27fc2769a1b78a27578f13a17b -> 
  custom:container-demuxer-webm: 4f35f7cbe854078d1ac9338744f61a02 -> 
  custom:container-demuxer-ogg: 62fdf1f143b41e24485cea50d1cbac27 -> 
  custom:video-encoder-webm-vp8: eb34c28f22e8b96e1ab97ce403110664 -> 
  custom:video-codec-MediaFoundation-h265: 746d11721c4dcdbdad8f713fa42b33f4 -> 
  custom:video-decoder-webm-vp8: 9c59270c3fd7afecdb556c50c9e8de78 -> 
  custom:audio-decoder-ogg-vorbis: bf7c407c2cedff20999df2af8eb42d56 -> 
  custom:audio-encoder-webm-vorbis: bf7c407c2cedff20999df2af8eb42d56 -> 
========================================================================
Received Prepare
Registering precompiled user dll's ...
Registered in 0.014443 seconds.
Begin MonoManager ReloadAssembly
Native extension for LinuxStandalone target not found
Native extension for WindowsStandalone target not found
Native extension for OSXStandalone target not found
Refreshing native plugins compatible for Editor in 0.73 ms, found 3 plugins.
Preloading 0 native plugins for Editor in 0.00 ms.
Mono: successfully reloaded assembly
- Completed reload, in  2.488 seconds
Domain Reload Profiling:
	ReloadAssembly (2489ms)
		BeginReloadAssembly (231ms)
			ExecutionOrderSort (0ms)
			DisableScriptedObjects (13ms)
			BackupInstance (0ms)
			ReleaseScriptingObjects (0ms)
			CreateAndSetChildDomain (60ms)
		EndReloadAssembly (1987ms)
			LoadAssemblies (210ms)
			RebuildTransferFunctionScriptingTraits (0ms)
			SetupTypeCache (732ms)
			ReleaseScriptCaches (1ms)
			RebuildScriptCaches (81ms)
			SetupLoadedEditorAssemblies (782ms)
				LogAssemblyErrors (0ms)
				InitializePlatformSupportModulesInManaged (15ms)
				SetLoadedEditorAssemblies (1ms)
				RefreshPlugins (1ms)
				BeforeProcessingInitializeOnLoad (313ms)
				ProcessInitializeOnLoadAttributes (413ms)
				ProcessInitializeOnLoadMethodAttributes (21ms)
				AfterProcessingInitializeOnLoad (19ms)
				EditorAssembliesLoaded (0ms)
			ExecutionOrderSort2 (0ms)
			AwakeInstancesAfterBackupRestoration (17ms)
Platform modules already initialized, skipping
Refreshing native plugins compatible for Editor in 0.92 ms, found 3 plugins.
Preloading 0 native plugins for Editor in 0.00 ms.
Unloading 2178 Unused Serialized files (Serialized files now loaded: 0)
System memory in use before: 99.0 MB.
System memory in use after: 99.1 MB.

Unloading 17 unused Assets to reduce memory usage. Loaded Objects now: 2649.
Total: 7.317000 ms (FindLiveObjects: 0.478400 ms CreateObjectMapping: 0.178600 ms MarkObjects: 6.622900 ms  DeleteObjects: 0.034400 ms)

AssetImportParameters requested are different than current active one (requested -> active):
  custom:framework-win-MediaFoundation: 216162199b28c13a410421893ffa2e32 -> 
  custom:video-decoder-ogg-theora: a1e56fd34408186e4bbccfd4996cb3dc -> 
  custom:container-muxer-webm: aa71ff27fc2769a1b78a27578f13a17b -> 
  custom:container-demuxer-webm: 4f35f7cbe854078d1ac9338744f61a02 -> 
  custom:container-demuxer-ogg: 62fdf1f143b41e24485cea50d1cbac27 -> 
  custom:video-encoder-webm-vp8: eb34c28f22e8b96e1ab97ce403110664 -> 
  custom:video-codec-MediaFoundation-h265: 746d11721c4dcdbdad8f713fa42b33f4 -> 
  custom:video-decoder-webm-vp8: 9c59270c3fd7afecdb556c50c9e8de78 -> 
  custom:audio-decoder-ogg-vorbis: bf7c407c2cedff20999df2af8eb42d56 -> 
  custom:audio-encoder-webm-vorbis: bf7c407c2cedff20999df2af8eb42d56 -> 
========================================================================
Received Prepare
Registering precompiled user dll's ...
Registered in 0.017361 seconds.
Begin MonoManager ReloadAssembly
Native extension for LinuxStandalone target not found
Native extension for WindowsStandalone target not found
Native extension for OSXStandalone target not found
Refreshing native plugins compatible for Editor in 0.68 ms, found 3 plugins.
Preloading 0 native plugins for Editor in 0.00 ms.
Mono: successfully reloaded assembly
- Completed reload, in  2.313 seconds
Domain Reload Profiling:
	ReloadAssembly (2314ms)
		BeginReloadAssembly (216ms)
			ExecutionOrderSort (0ms)
			DisableScriptedObjects (13ms)
			BackupInstance (0ms)
			ReleaseScriptingObjects (0ms)
			CreateAndSetChildDomain (58ms)
		EndReloadAssembly (1971ms)
			LoadAssemblies (192ms)
			RebuildTransferFunctionScriptingTraits (0ms)
			SetupTypeCache (621ms)
			ReleaseScriptCaches (1ms)
			RebuildScriptCaches (91ms)
			SetupLoadedEditorAssemblies (751ms)
				LogAssemblyErrors (0ms)
				InitializePlatformSupportModulesInManaged (14ms)
				SetLoadedEditorAssemblies (1ms)
				RefreshPlugins (1ms)
				BeforeProcessingInitializeOnLoad (326ms)
				ProcessInitializeOnLoadAttributes (370ms)
				ProcessInitializeOnLoadMethodAttributes (21ms)
				AfterProcessingInitializeOnLoad (19ms)
				EditorAssembliesLoaded (0ms)
			ExecutionOrderSort2 (0ms)
			AwakeInstancesAfterBackupRestoration (17ms)
Platform modules already initialized, skipping
Refreshing native plugins compatible for Editor in 0.67 ms, found 3 plugins.
Preloading 0 native plugins for Editor in 0.00 ms.
Unloading 2178 Unused Serialized files (Serialized files now loaded: 0)
System memory in use before: 99.0 MB.
System memory in use after: 99.1 MB.

Unloading 17 unused Assets to reduce memory usage. Loaded Objects now: 2651.
Total: 4.965200 ms (FindLiveObjects: 0.219200 ms CreateObjectMapping: 0.122600 ms MarkObjects: 4.588700 ms  DeleteObjects: 0.025900 ms)

AssetImportParameters requested are different than current active one (requested -> active):
  custom:framework-win-MediaFoundation: 216162199b28c13a410421893ffa2e32 -> 
  custom:video-decoder-ogg-theora: a1e56fd34408186e4bbccfd4996cb3dc -> 
  custom:container-muxer-webm: aa71ff27fc2769a1b78a27578f13a17b -> 
  custom:container-demuxer-webm: 4f35f7cbe854078d1ac9338744f61a02 -> 
  custom:container-demuxer-ogg: 62fdf1f143b41e24485cea50d1cbac27 -> 
  custom:video-encoder-webm-vp8: eb34c28f22e8b96e1ab97ce403110664 -> 
  custom:video-codec-MediaFoundation-h265: 746d11721c4dcdbdad8f713fa42b33f4 -> 
  custom:video-decoder-webm-vp8: 9c59270c3fd7afecdb556c50c9e8de78 -> 
  custom:audio-decoder-ogg-vorbis: bf7c407c2cedff20999df2af8eb42d56 -> 
  custom:audio-encoder-webm-vorbis: bf7c407c2cedff20999df2af8eb42d56 -> 
========================================================================
Received Prepare
Registering precompiled user dll's ...
Registered in 0.011219 seconds.
Begin MonoManager ReloadAssembly
Native extension for LinuxStandalone target not found
Native extension for WindowsStandalone target not found
Native extension for OSXStandalone target not found
Refreshing native plugins compatible for Editor in 0.99 ms, found 3 plugins.
Preloading 0 native plugins for Editor in 0.00 ms.
Mono: successfully reloaded assembly
- Completed reload, in  2.367 seconds
Domain Reload Profiling:
	ReloadAssembly (2367ms)
		BeginReloadAssembly (176ms)
			ExecutionOrderSort (0ms)
			DisableScriptedObjects (9ms)
			BackupInstance (0ms)
			ReleaseScriptingObjects (0ms)
			CreateAndSetChildDomain (52ms)
		EndReloadAssembly (2073ms)
			LoadAssemblies (170ms)
			RebuildTransferFunctionScriptingTraits (0ms)
			SetupTypeCache (649ms)
			ReleaseScriptCaches (1ms)
			RebuildScriptCaches (81ms)
			SetupLoadedEditorAssemblies (874ms)
				LogAssemblyErrors (0ms)
				InitializePlatformSupportModulesInManaged (18ms)
				SetLoadedEditorAssemblies (1ms)
				RefreshPlugins (1ms)
				BeforeProcessingInitializeOnLoad (217ms)
				ProcessInitializeOnLoadAttributes (580ms)
				ProcessInitializeOnLoadMethodAttributes (29ms)
				AfterProcessingInitializeOnLoad (27ms)
				EditorAssembliesLoaded (0ms)
			ExecutionOrderSort2 (0ms)
			AwakeInstancesAfterBackupRestoration (21ms)
Platform modules already initialized, skipping
Refreshing native plugins compatible for Editor in 5.13 ms, found 3 plugins.
Preloading 0 native plugins for Editor in 0.00 ms.
Unloading 2178 Unused Serialized files (Serialized files now loaded: 0)
System memory in use before: 99.0 MB.
System memory in use after: 99.1 MB.

Unloading 17 unused Assets to reduce memory usage. Loaded Objects now: 2653.
Total: 5.919500 ms (FindLiveObjects: 0.365200 ms CreateObjectMapping: 0.265900 ms MarkObjects: 5.252400 ms  DeleteObjects: 0.032900 ms)

AssetImportParameters requested are different than current active one (requested -> active):
  custom:framework-win-MediaFoundation: 216162199b28c13a410421893ffa2e32 -> 
  custom:video-decoder-ogg-theora: a1e56fd34408186e4bbccfd4996cb3dc -> 
  custom:container-muxer-webm: aa71ff27fc2769a1b78a27578f13a17b -> 
  custom:container-demuxer-webm: 4f35f7cbe854078d1ac9338744f61a02 -> 
  custom:container-demuxer-ogg: 62fdf1f143b41e24485cea50d1cbac27 -> 
  custom:video-encoder-webm-vp8: eb34c28f22e8b96e1ab97ce403110664 -> 
  custom:video-codec-MediaFoundation-h265: 746d11721c4dcdbdad8f713fa42b33f4 -> 
  custom:video-decoder-webm-vp8: 9c59270c3fd7afecdb556c50c9e8de78 -> 
  custom:audio-decoder-ogg-vorbis: bf7c407c2cedff20999df2af8eb42d56 -> 
  custom:audio-encoder-webm-vorbis: bf7c407c2cedff20999df2af8eb42d56 -> 
AssetImportWorkerClient::OnTransportError - code=2 error=End of file
